\BOOKMARK [0][-]{chapter*.4}{Abstract}{}% 1
\BOOKMARK [0][-]{chapter.10}{1\040Introduction}{}% 2
\BOOKMARK [0][-]{chapter.12}{2\040Materials\040and\040Methods}{}% 3
\BOOKMARK [1][-]{section.13}{2.1\040Initial\040dataset\040preparation}{chapter.12}% 4
\BOOKMARK [1][-]{section.16}{2.2\040Data\040standardization}{chapter.12}% 5
\BOOKMARK [1][-]{section.17}{2.3\040Indirect\040gradient\040analysis\040of\040TARA\040Ocean\040sample\040sites}{chapter.12}% 6
\BOOKMARK [1][-]{section.18}{2.4\040Niche\040breadth\040analysis\040of\040components}{chapter.12}% 7
\BOOKMARK [1][-]{section.19}{2.5\040Screening\040beta\040diversity\040for\040geographic\040distance\040effects}{chapter.12}% 8
\BOOKMARK [1][-]{section.20}{2.6\040Analyzing\040the\040ubiquitous\040EUs}{chapter.12}% 9
\BOOKMARK [1][-]{section.21}{2.7\040Code\040and\040data\040availability}{chapter.12}% 10
\BOOKMARK [0][-]{chapter.22}{3\040Results\040and\040Discussion}{}% 11
\BOOKMARK [1][-]{section.23}{3.1\040Balancing\040noise\040removal\040and\040sparsity\040of\040component\040abundance\040dataset}{chapter.22}% 12
\BOOKMARK [1][-]{section.26}{3.2\040Indirect\040gradient\040analysis\040of\040TARA\040Ocean\040sites\040based\040on\040component\040abundances}{chapter.22}% 13
\BOOKMARK [1][-]{section.29}{3.3\040TARA\040Ocean\040Sites\040cluster\040based\040on\040depth}{chapter.22}% 14
\BOOKMARK [1][-]{section.31}{3.4\040Greater\040variance\040observed\040in\040PCAs\040when\040all\040components\040are\040used\040to\040define\040sample\040sites}{chapter.22}% 15
\BOOKMARK [1][-]{section.32}{3.5\040Unique\040component\040composition\040in\040Southern\040Ocean\040Samples}{chapter.22}% 16
\BOOKMARK [1][-]{section.35}{3.6\040Niche\040Breadth\040analysis\040of\040component\040distribution}{chapter.22}% 17
\BOOKMARK [1][-]{section.37}{3.7\040Beta\040diversity\040analyses}{chapter.22}% 18
\BOOKMARK [1][-]{section.43}{3.8\040Investigating\040the\040Ubiquitous\040EU\040fraction}{chapter.22}% 19
\BOOKMARK [1][-]{section.46}{3.9\040Mapping\040EUs\040to\040TARA\040Ocean\040MAGs}{chapter.22}% 20
\BOOKMARK [0][-]{chapter.49}{4\040Conclusion\040and\040Outlook}{}% 21
\BOOKMARK [0][-]{Appendix.50}{Appendix\040A\040Appendix}{}% 22
\BOOKMARK [0][-]{dummy.53}{Bibliography}{}% 23
\BOOKMARK [0][-]{appendix*.55}{Acknowledgements}{}% 24
